Arguments: 
  /usr/local/Cellar/node/14.2.0/bin/node /usr/local/Cellar/yarn/1.22.4/libexec/bin/yarn.js

PATH: 
  /usr/local/bin:/usr/bin:/bin:/usr/sbin:/sbin

Yarn version: 
  1.22.4

Node version: 
  14.2.0

Platform: 
  darwin x64

Trace: 
  SyntaxError: /Users/jiewang/wangchloe/lagou/fed-e-task-02-01/work/wangchloe-pages/package.json: Unexpected token } in JSON at position 269
      at JSON.parse (<anonymous>)
      at /usr/local/Cellar/yarn/1.22.4/libexec/lib/cli.js:1625:59
      at Generator.next (<anonymous>)
      at step (/usr/local/Cellar/yarn/1.22.4/libexec/lib/cli.js:310:30)
      at /usr/local/Cellar/yarn/1.22.4/libexec/lib/cli.js:321:13

npm manifest: 
  {
    "name": "wangchloe-pages",
    "version": "1.0.0",
    "main": "lib/index.js",
    "repository": "https://github.com/WangChloe/wangchloe-pages.git",
    "author": "wangchloe@yeah.net",
    "license": "MIT",
    "bin": "bin/zce-pages.js",
    "directories": {
      "lib": "lib",
    },
    "dependencies": {
      "@babel/core": "^7.5.5",
      "@babel/preset-env": "^7.5.5",
      "browser-sync": "^2.26.7",
      "del": "^5.1.0",
      "gulp": "^4.0.2",
      "gulp-babel": "^8.0.0",
      "gulp-clean-css": "^4.2.0",
      "gulp-htmlmin": "^5.0.1",
      "gulp-if": "^3.0.0",
      "gulp-imagemin": "^6.1.0",
      "gulp-load-plugins": "^2.0.1",
      "gulp-sass": "^4.0.2",
      "gulp-swig": "^0.9.1",
      "gulp-uglify": "^3.0.2",
      "gulp-useref": "^3.1.6"
    }
  }

yarn manifest: 
  No manifest

Lockfile: 
  No lockfile
